[debug] [2026-03-30T22:39:16.520Z] ----------------------------------------------------------------------
[debug] [2026-03-30T22:39:16.524Z] Command:       /usr/bin/node-22 /home/me/.npm-global/bin/firebase deploy --only functions
[debug] [2026-03-30T22:39:16.525Z] CLI Version:   15.12.0
[debug] [2026-03-30T22:39:16.525Z] Platform:      linux
[debug] [2026-03-30T22:39:16.525Z] Node Version:  v22.22.0
[debug] [2026-03-30T22:39:16.526Z] Time:          Mon Mar 30 2026 19:39:16 GMT-0300 (Brasilia Standard Time)
[debug] [2026-03-30T22:39:16.526Z] ----------------------------------------------------------------------
[debug] 
[debug] [2026-03-30T22:39:18.351Z] > command requires scopes: ["email","openid","https://www.googleapis.com/auth/cloudplatformprojects.readonly","https://www.googleapis.com/auth/firebase","https://www.googleapis.com/auth/cloud-platform"]
[debug] [2026-03-30T22:39:18.351Z] > authorizing via signed-in user (gdvallel@gmail.com)
[debug] [2026-03-30T22:39:18.351Z] [iam] checking project clean-rats for permissions ["cloudfunctions.functions.create","cloudfunctions.functions.delete","cloudfunctions.functions.get","cloudfunctions.functions.list","cloudfunctions.functions.update","cloudfunctions.operations.get","firebase.projects.get"]
[debug] [2026-03-30T22:39:18.352Z] Checked if tokens are valid: false, expires at: 1774892970115
[debug] [2026-03-30T22:39:18.352Z] Checked if tokens are valid: false, expires at: 1774892970115
[debug] [2026-03-30T22:39:18.353Z] > refreshing access token with scopes: []
[debug] [2026-03-30T22:39:18.354Z] >>> [apiv2][query] POST https://www.googleapis.com/oauth2/v3/token [none]
[debug] [2026-03-30T22:39:18.354Z] >>> [apiv2][body] POST https://www.googleapis.com/oauth2/v3/token [omitted]
[debug] [2026-03-30T22:39:18.681Z] <<< [apiv2][status] POST https://www.googleapis.com/oauth2/v3/token 200
[debug] [2026-03-30T22:39:18.681Z] <<< [apiv2][body] POST https://www.googleapis.com/oauth2/v3/token [omitted]
[debug] [2026-03-30T22:39:18.692Z] >>> [apiv2][query] POST https://cloudresourcemanager.googleapis.com/v1/projects/clean-rats:testIamPermissions [none]
[debug] [2026-03-30T22:39:18.692Z] >>> [apiv2][(partial)header] POST https://cloudresourcemanager.googleapis.com/v1/projects/clean-rats:testIamPermissions  x-goog-user-project=clean-rats
[debug] [2026-03-30T22:39:18.692Z] >>> [apiv2][body] POST https://cloudresourcemanager.googleapis.com/v1/projects/clean-rats:testIamPermissions {"permissions":["cloudfunctions.functions.create","cloudfunctions.functions.delete","cloudfunctions.functions.get","cloudfunctions.functions.list","cloudfunctions.functions.update","cloudfunctions.operations.get","firebase.projects.get"]}
[debug] [2026-03-30T22:39:19.727Z] <<< [apiv2][status] POST https://cloudresourcemanager.googleapis.com/v1/projects/clean-rats:testIamPermissions 200
[debug] [2026-03-30T22:39:19.728Z] <<< [apiv2][body] POST https://cloudresourcemanager.googleapis.com/v1/projects/clean-rats:testIamPermissions {"permissions":["cloudfunctions.functions.create","cloudfunctions.functions.delete","cloudfunctions.functions.get","cloudfunctions.functions.list","cloudfunctions.functions.update","cloudfunctions.operations.get","firebase.projects.get"]}
[debug] [2026-03-30T22:39:19.728Z] Checked if tokens are valid: true, expires at: 1774913957682
[debug] [2026-03-30T22:39:19.729Z] Checked if tokens are valid: true, expires at: 1774913957682
[debug] [2026-03-30T22:39:19.729Z] >>> [apiv2][query] POST https://iam.googleapis.com/v1/projects/clean-rats/serviceAccounts/clean-rats@appspot.gserviceaccount.com:testIamPermissions [none]
[debug] [2026-03-30T22:39:19.729Z] >>> [apiv2][body] POST https://iam.googleapis.com/v1/projects/clean-rats/serviceAccounts/clean-rats@appspot.gserviceaccount.com:testIamPermissions {"permissions":["iam.serviceAccounts.actAs"]}
[debug] [2026-03-30T22:39:20.796Z] <<< [apiv2][status] POST https://iam.googleapis.com/v1/projects/clean-rats/serviceAccounts/clean-rats@appspot.gserviceaccount.com:testIamPermissions 200
[debug] [2026-03-30T22:39:20.796Z] <<< [apiv2][body] POST https://iam.googleapis.com/v1/projects/clean-rats/serviceAccounts/clean-rats@appspot.gserviceaccount.com:testIamPermissions {"permissions":["iam.serviceAccounts.actAs"]}
[info] 
[info] === Deploying to 'clean-rats'...
[info] 
[info] i  deploying functions 
[debug] [2026-03-30T22:39:20.805Z] Checked if tokens are valid: true, expires at: 1774913957682
[debug] [2026-03-30T22:39:20.806Z] Checked if tokens are valid: true, expires at: 1774913957682
[debug] [2026-03-30T22:39:20.806Z] >>> [apiv2][query] GET https://cloudresourcemanager.googleapis.com/v1/projects/clean-rats [none]
[debug] [2026-03-30T22:39:21.042Z] <<< [apiv2][status] GET https://cloudresourcemanager.googleapis.com/v1/projects/clean-rats 200
[debug] [2026-03-30T22:39:21.042Z] <<< [apiv2][body] GET https://cloudresourcemanager.googleapis.com/v1/projects/clean-rats {"projectNumber":"1010162142223","projectId":"clean-rats","lifecycleState":"ACTIVE","name":"clean-rats","labels":{"firebase":"enabled","firebase-core":"disabled"},"createTime":"2026-03-22T21:48:27.723Z"}
[info] i  functions: preparing codebase default for deployment 
[info] i  functions: ensuring required API cloudfunctions.googleapis.com is enabled... 
[info] i  functions: ensuring required API cloudbuild.googleapis.com is enabled... 
[debug] [2026-03-30T22:39:21.045Z] Checked if tokens are valid: true, expires at: 1774913957682
[debug] [2026-03-30T22:39:21.045Z] Checked if tokens are valid: true, expires at: 1774913957682
[info] i  artifactregistry: ensuring required API artifactregistry.googleapis.com is enabled... 
[debug] [2026-03-30T22:39:21.045Z] Checked if tokens are valid: true, expires at: 1774913957682
[debug] [2026-03-30T22:39:21.045Z] Checked if tokens are valid: true, expires at: 1774913957682
[debug] [2026-03-30T22:39:21.045Z] >>> [apiv2][query] GET https://serviceusage.googleapis.com/v1/projects/clean-rats/services/cloudbuild.googleapis.com [none]
[debug] [2026-03-30T22:39:21.045Z] >>> [apiv2][(partial)header] GET https://serviceusage.googleapis.com/v1/projects/clean-rats/services/cloudbuild.googleapis.com  x-goog-user-project=clean-rats
[debug] [2026-03-30T22:39:21.047Z] >>> [apiv2][query] GET https://serviceusage.googleapis.com/v1/projects/clean-rats/services/artifactregistry.googleapis.com [none]
[debug] [2026-03-30T22:39:21.047Z] >>> [apiv2][(partial)header] GET https://serviceusage.googleapis.com/v1/projects/clean-rats/services/artifactregistry.googleapis.com  x-goog-user-project=clean-rats
